  Pong.cpp
C:\Users\Andrew\Documents\GitHub\Pong\Pong\Pong\Pong.cpp(62,39): warning C4244:  'argument': conversion from 'T' to 'float', possible loss of data
C:\Users\Andrew\Documents\GitHub\Pong\Pong\Pong\Pong.cpp(62,39): warning C4244:         with
C:\Users\Andrew\Documents\GitHub\Pong\Pong\Pong\Pong.cpp(62,39): warning C4244:         [
C:\Users\Andrew\Documents\GitHub\Pong\Pong\Pong\Pong.cpp(62,39): warning C4244:             T=unsigned int
C:\Users\Andrew\Documents\GitHub\Pong\Pong\Pong\Pong.cpp(62,39): warning C4244:         ]
C:\Users\Andrew\Documents\GitHub\Pong\Pong\Pong\Pong.cpp(63,39): warning C4244:  'argument': conversion from 'T' to 'float', possible loss of data
C:\Users\Andrew\Documents\GitHub\Pong\Pong\Pong\Pong.cpp(63,39): warning C4244:         with
C:\Users\Andrew\Documents\GitHub\Pong\Pong\Pong\Pong.cpp(63,39): warning C4244:         [
C:\Users\Andrew\Documents\GitHub\Pong\Pong\Pong\Pong.cpp(63,39): warning C4244:             T=unsigned int
C:\Users\Andrew\Documents\GitHub\Pong\Pong\Pong\Pong.cpp(63,39): warning C4244:         ]
C:\Users\Andrew\Documents\GitHub\Pong\Pong\Pong\Pong.cpp(64,38): warning C4244:  'argument': conversion from 'T' to 'float', possible loss of data
C:\Users\Andrew\Documents\GitHub\Pong\Pong\Pong\Pong.cpp(64,38): warning C4244:         with
C:\Users\Andrew\Documents\GitHub\Pong\Pong\Pong\Pong.cpp(64,38): warning C4244:         [
C:\Users\Andrew\Documents\GitHub\Pong\Pong\Pong\Pong.cpp(64,38): warning C4244:             T=unsigned int
C:\Users\Andrew\Documents\GitHub\Pong\Pong\Pong\Pong.cpp(64,38): warning C4244:         ]
C:\Users\Andrew\Documents\GitHub\Pong\Pong\Pong\Pong.cpp(65,41): warning C4244:  'argument': conversion from 'T' to 'float', possible loss of data
C:\Users\Andrew\Documents\GitHub\Pong\Pong\Pong\Pong.cpp(65,41): warning C4244:         with
C:\Users\Andrew\Documents\GitHub\Pong\Pong\Pong\Pong.cpp(65,41): warning C4244:         [
C:\Users\Andrew\Documents\GitHub\Pong\Pong\Pong\Pong.cpp(65,41): warning C4244:             T=unsigned int
C:\Users\Andrew\Documents\GitHub\Pong\Pong\Pong\Pong.cpp(65,41): warning C4244:         ]
C:\Users\Andrew\Documents\GitHub\Pong\Pong\Pong\Pong.cpp(126,11): warning C4553:  '==': result of expression not used; did you intend '='?
C:\Users\Andrew\Documents\GitHub\Pong\Pong\Pong\Pong.cpp(214,10): warning C4553:  '==': result of expression not used; did you intend '='?
  Generating code
  1 of 117 functions ( 0.9%) were compiled, the rest were copied from previous compilation.
    0 functions were new in current compilation
    0 functions had inline decision re-evaluated but remain unchanged
  Finished generating code
  Pong.vcxproj -> C:\Users\Andrew\Documents\GitHub\Pong\Pong\Release\Pong.exe
